2025-09-13 23:42:14,512 - realtime_alert - INFO - Initializing Real-time Monitor with FiinQuant data
2025-09-13 23:42:14,512 - realtime_alert - INFO - Initializing FiinQuant data adapter
2025-09-13 23:42:14,513 - utils.fiinquant_adapter - INFO - Advanced caching enabled
2025-09-13 23:42:16,357 - root - INFO - Loaded all symbols: HOSE=0, HNX=314, UPCOM=886
2025-09-13 23:42:16,357 - realtime_alert - INFO - Monitoring ALL symbols from HOSE, HNX, UPCOM: 1200 symbols
2025-09-13 23:42:16,358 - realtime_alert - INFO - All components initialized successfully
2025-09-13 23:42:16,358 - realtime_alert - INFO - Starting Real-time Monitor
2025-09-13 23:42:16,361 - database.data_manager - INFO - Database tables created/verified
2025-09-13 23:42:16,372 - database.data_manager - INFO - Database initialized: database/trading_data.db
2025-09-13 23:42:16,372 - utils.fiinquant_adapter - INFO - Attempting to login to FiinQuant (attempt 1)
2025-09-13 23:42:16,545 - utils.fiinquant_adapter - INFO - Successfully logged in to FiinQuant
2025-09-13 23:42:17,228 - jobs.telegram_bot - INFO - Telegram bot initialized
2025-09-13 23:42:17,810 - httpx - INFO - HTTP Request: POST https://api.telegram.org/bot8047919251:AAH7-9j6_X08RpSPCQLMir_PVkkrx92ybdI/getMe "HTTP/1.1 200 OK"
2025-09-13 23:42:17,810 - telegram.ext.Application - INFO - Application started
2025-09-13 23:42:18,011 - httpx - INFO - HTTP Request: POST https://api.telegram.org/bot8047919251:AAH7-9j6_X08RpSPCQLMir_PVkkrx92ybdI/deleteWebhook "HTTP/1.1 200 OK"
2025-09-13 23:42:18,011 - jobs.telegram_bot - INFO - Telegram bot started
2025-09-13 23:42:19,514 - httpx - INFO - HTTP Request: POST https://api.telegram.org/bot8047919251:AAH7-9j6_X08RpSPCQLMir_PVkkrx92ybdI/sendMessage "HTTP/1.1 200 OK"
2025-09-13 23:42:20,842 - httpx - INFO - HTTP Request: POST https://api.telegram.org/bot8047919251:AAH7-9j6_X08RpSPCQLMir_PVkkrx92ybdI/sendMessage "HTTP/1.1 200 OK"
2025-09-13 23:42:20,842 - realtime_alert - INFO - Scheduled tasks configured
2025-09-13 23:42:20,842 - realtime_alert - INFO - Starting main monitoring loop
2025-09-13 23:42:29,318 - httpx - INFO - HTTP Request: POST https://api.telegram.org/bot8047919251:AAH7-9j6_X08RpSPCQLMir_PVkkrx92ybdI/getUpdates "HTTP/1.1 200 OK"
2025-09-13 23:42:37,563 - httpx - INFO - HTTP Request: POST https://api.telegram.org/bot8047919251:AAH7-9j6_X08RpSPCQLMir_PVkkrx92ybdI/getUpdates "HTTP/1.1 200 OK"
2025-09-13 23:42:38,222 - httpx - INFO - HTTP Request: POST https://api.telegram.org/bot8047919251:AAH7-9j6_X08RpSPCQLMir_PVkkrx92ybdI/sendMessage "HTTP/1.1 400 Bad Request"
2025-09-13 23:42:42,888 - httpx - INFO - HTTP Request: POST https://api.telegram.org/bot8047919251:AAH7-9j6_X08RpSPCQLMir_PVkkrx92ybdI/getUpdates "HTTP/1.1 200 OK"
2025-09-13 23:42:43,318 - httpx - INFO - HTTP Request: POST https://api.telegram.org/bot8047919251:AAH7-9j6_X08RpSPCQLMir_PVkkrx92ybdI/sendMessage "HTTP/1.1 200 OK"
2025-09-13 23:42:47,620 - httpx - INFO - HTTP Request: POST https://api.telegram.org/bot8047919251:AAH7-9j6_X08RpSPCQLMir_PVkkrx92ybdI/getUpdates "HTTP/1.1 200 OK"
2025-09-13 23:42:47,839 - httpx - INFO - HTTP Request: POST https://api.telegram.org/bot8047919251:AAH7-9j6_X08RpSPCQLMir_PVkkrx92ybdI/sendMessage "HTTP/1.1 400 Bad Request"
2025-09-13 23:42:52,769 - httpx - INFO - HTTP Request: POST https://api.telegram.org/bot8047919251:AAH7-9j6_X08RpSPCQLMir_PVkkrx92ybdI/getUpdates "HTTP/1.1 200 OK"
2025-09-13 23:42:53,185 - httpx - INFO - HTTP Request: POST https://api.telegram.org/bot8047919251:AAH7-9j6_X08RpSPCQLMir_PVkkrx92ybdI/sendMessage "HTTP/1.1 200 OK"
2025-09-13 23:42:57,490 - httpx - INFO - HTTP Request: POST https://api.telegram.org/bot8047919251:AAH7-9j6_X08RpSPCQLMir_PVkkrx92ybdI/getUpdates "HTTP/1.1 200 OK"
2025-09-13 23:42:57,490 - jobs.telegram_bot - ERROR - Failed to generate recommendations: RSIPSAREngulfingStrategy.__init__() missing 1 required positional argument: 'config'
2025-09-13 23:42:57,921 - httpx - INFO - HTTP Request: POST https://api.telegram.org/bot8047919251:AAH7-9j6_X08RpSPCQLMir_PVkkrx92ybdI/sendMessage "HTTP/1.1 200 OK"
2025-09-13 23:43:07,686 - httpx - INFO - HTTP Request: POST https://api.telegram.org/bot8047919251:AAH7-9j6_X08RpSPCQLMir_PVkkrx92ybdI/getUpdates "HTTP/1.1 200 OK"
2025-09-13 23:43:08,207 - httpx - INFO - HTTP Request: POST https://api.telegram.org/bot8047919251:AAH7-9j6_X08RpSPCQLMir_PVkkrx92ybdI/getUpdates "HTTP/1.1 200 OK"
2025-09-13 23:43:09,007 - httpx - INFO - HTTP Request: POST https://api.telegram.org/bot8047919251:AAH7-9j6_X08RpSPCQLMir_PVkkrx92ybdI/sendMessage "HTTP/1.1 200 OK"
2025-09-13 23:43:18,422 - httpx - INFO - HTTP Request: POST https://api.telegram.org/bot8047919251:AAH7-9j6_X08RpSPCQLMir_PVkkrx92ybdI/getUpdates "HTTP/1.1 200 OK"
2025-09-13 23:43:28,625 - httpx - INFO - HTTP Request: POST https://api.telegram.org/bot8047919251:AAH7-9j6_X08RpSPCQLMir_PVkkrx92ybdI/getUpdates "HTTP/1.1 200 OK"
2025-09-13 23:43:38,831 - httpx - INFO - HTTP Request: POST https://api.telegram.org/bot8047919251:AAH7-9j6_X08RpSPCQLMir_PVkkrx92ybdI/getUpdates "HTTP/1.1 200 OK"
2025-09-13 23:43:49,025 - httpx - INFO - HTTP Request: POST https://api.telegram.org/bot8047919251:AAH7-9j6_X08RpSPCQLMir_PVkkrx92ybdI/getUpdates "HTTP/1.1 200 OK"
2025-09-13 23:43:59,232 - httpx - INFO - HTTP Request: POST https://api.telegram.org/bot8047919251:AAH7-9j6_X08RpSPCQLMir_PVkkrx92ybdI/getUpdates "HTTP/1.1 200 OK"
2025-09-13 23:44:01,752 - realtime_alert - INFO - Received signal 2, shutting down...
2025-09-13 23:44:01,752 - realtime_alert - INFO - Shutting down Real-time Monitor
2025-09-13 23:44:02,134 - realtime_alert - INFO - Received signal 2, shutting down...
2025-09-13 23:44:02,134 - realtime_alert - INFO - Shutting down Real-time Monitor
2025-09-13 23:44:03,234 - httpx - INFO - HTTP Request: POST https://api.telegram.org/bot8047919251:AAH7-9j6_X08RpSPCQLMir_PVkkrx92ybdI/sendMessage "HTTP/1.1 200 OK"
2025-09-13 23:44:03,272 - httpx - INFO - HTTP Request: POST https://api.telegram.org/bot8047919251:AAH7-9j6_X08RpSPCQLMir_PVkkrx92ybdI/sendMessage "HTTP/1.1 200 OK"
2025-09-13 23:44:03,373 - realtime_alert - INFO - Received signal 2, shutting down...
2025-09-13 23:44:03,373 - realtime_alert - INFO - Shutting down Real-time Monitor
2025-09-13 23:44:04,110 - httpx - INFO - HTTP Request: POST https://api.telegram.org/bot8047919251:AAH7-9j6_X08RpSPCQLMir_PVkkrx92ybdI/getUpdates "HTTP/1.1 200 OK"
2025-09-13 23:44:04,110 - telegram.ext.Application - INFO - Application is stopping. This might take a moment.
2025-09-13 23:44:04,110 - realtime_alert - ERROR - Error during shutdown: This Updater is not running!
